<?xml version="1.0" encoding="UTF-8"?>
<testng-results ignored="0" total="1" passed="1" failed="0" skipped="0">
  <reporter-output>
  </reporter-output>
  <suite started-at="2024-12-05T23:10:58 IST" name="Default suite" finished-at="2024-12-05T23:10:59 IST" duration-ms="671">
    <groups>
    </groups>
    <test started-at="2024-12-05T23:10:58 IST" name="Default test" finished-at="2024-12-05T23:10:59 IST" duration-ms="671">
      <class name="com.selenium_automation.Screenshots">
        <test-method is-config="true" signature="setup()[pri:0, instance:com.selenium_automation.Screenshots@957e06]" started-at="2024-12-05T23:10:50 IST" name="setup" finished-at="2024-12-05T23:10:58 IST" duration-ms="8107" status="PASS">
          <reporter-output>
          </reporter-output>
        </test-method> <!-- setup -->
        <test-method signature="test()[pri:0, instance:com.selenium_automation.Screenshots@957e06]" started-at="2024-12-05T23:10:58 IST" name="test" finished-at="2024-12-05T23:10:59 IST" duration-ms="638" status="PASS">
          <reporter-output>
          </reporter-output>
        </test-method> <!-- test -->
        <test-method is-config="true" signature="tearDown()[pri:0, instance:com.selenium_automation.Screenshots@957e06]" started-at="2024-12-05T23:10:59 IST" name="tearDown" finished-at="2024-12-05T23:11:00 IST" duration-ms="1231" status="PASS">
          <reporter-output>
          </reporter-output>
        </test-method> <!-- tearDown -->
      </class> <!-- com.selenium_automation.Screenshots -->
    </test> <!-- Default test -->
  </suite> <!-- Default suite -->
</testng-results>
