<?xml version="1.0" encoding="UTF-8"?>
<testng-results ignored="0" total="1" passed="1" failed="0" skipped="0">
  <reporter-output>
  </reporter-output>
  <suite started-at="2024-12-04T22:13:30 IST" name="Default suite" finished-at="2024-12-04T22:13:35 IST" duration-ms="5479">
    <groups>
    </groups>
    <test started-at="2024-12-04T22:13:30 IST" name="Default test" finished-at="2024-12-04T22:13:35 IST" duration-ms="5479">
      <class name="com.selenium_automation.KeyPressUsingActionClass">
        <test-method is-config="true" signature="setup()[pri:0, instance:com.selenium_automation.KeyPressUsingActionClass@957e06]" started-at="2024-12-04T22:13:23 IST" name="setup" finished-at="2024-12-04T22:13:30 IST" duration-ms="7042" status="PASS">
          <reporter-output>
          </reporter-output>
        </test-method> <!-- setup -->
        <test-method signature="test()[pri:0, instance:com.selenium_automation.KeyPressUsingActionClass@957e06]" started-at="2024-12-04T22:13:30 IST" name="test" finished-at="2024-12-04T22:13:35 IST" duration-ms="5447" status="PASS">
          <reporter-output>
          </reporter-output>
        </test-method> <!-- test -->
        <test-method is-config="true" signature="tearDown()[pri:0, instance:com.selenium_automation.KeyPressUsingActionClass@957e06]" started-at="2024-12-04T22:13:35 IST" name="tearDown" finished-at="2024-12-04T22:13:37 IST" duration-ms="1343" status="PASS">
          <reporter-output>
          </reporter-output>
        </test-method> <!-- tearDown -->
      </class> <!-- com.selenium_automation.KeyPressUsingActionClass -->
    </test> <!-- Default test -->
  </suite> <!-- Default suite -->
</testng-results>
